Flow report for project2
Mon Apr 22 20:25:18 2024
Quartus Prime Version 22.1std.2 Build 922 07/20/2023 SC Lite Edition


---------------------
; Table of Contents ;
---------------------
  1. Legal Notice
  2. Flow Summary
  3. Flow Settings
  4. Flow Non-Default Global Settings
  5. Flow Elapsed Time
  6. Flow OS Summary
  7. Flow Log
  8. Flow Messages
  9. Flow Suppressed Messages



----------------
; Legal Notice ;
----------------
Copyright (C) 2023  Intel Corporation. All rights reserved.
Your use of Intel Corporation's design tools, logic functions 
and other software and tools, and any partner logic 
functions, and any output files from any of the foregoing 
(including device programming or simulation files), and any 
associated documentation or information are expressly subject 
to the terms and conditions of the Intel Program License 
Subscription Agreement, the Intel Quartus Prime License Agreement,
the Intel FPGA IP License Agreement, or other applicable license
agreement, including, without limitation, that your use is for
the sole purpose of programming logic devices manufactured by
Intel and sold by Intel or its authorized distributors.  Please
refer to the applicable agreement for further details, at
https://fpgasoftware.intel.com/eula.



+-------------------------------------------------------------------------------------+
; Flow Summary                                                                        ;
+------------------------------------+------------------------------------------------+
; Flow Status                        ; Successful - Mon Apr 22 20:25:18 2024          ;
; Quartus Prime Version              ; 22.1std.2 Build 922 07/20/2023 SC Lite Edition ;
; Revision Name                      ; project2                                       ;
; Top-level Entity Name              ; project2                                       ;
; Family                             ; Cyclone IV E                                   ;
; Device                             ; EP4CE30F29I8L                                  ;
; Timing Models                      ; Final                                          ;
; Total logic elements               ; 1,887 / 28,848 ( 7 % )                         ;
;     Total combinational functions  ; 1,753 / 28,848 ( 6 % )                         ;
;     Dedicated logic registers      ; 1,054 / 28,848 ( 4 % )                         ;
; Total registers                    ; 1054                                           ;
; Total pins                         ; 409 / 533 ( 77 % )                             ;
; Total virtual pins                 ; 0                                              ;
; Total memory bits                  ; 262,144 / 608,256 ( 43 % )                     ;
; Embedded Multiplier 9-bit elements ; 0 / 132 ( 0 % )                                ;
; Total PLLs                         ; 0 / 4 ( 0 % )                                  ;
+------------------------------------+------------------------------------------------+


+-----------------------------------------+
; Flow Settings                           ;
+-------------------+---------------------+
; Option            ; Setting             ;
+-------------------+---------------------+
; Start date & time ; 04/22/2024 20:23:40 ;
; Main task         ; Compilation         ;
; Revision Name     ; project2            ;
+-------------------+---------------------+


+-----------------------------------------------------------------------------------------------------------------------------------------------------------+
; Flow Non-Default Global Settings                                                                                                                          ;
+------------------------------------------------+----------------------------------------+---------------+-------------+-----------------------------------+
; Assignment Name                                ; Value                                  ; Default Value ; Entity Name ; Section Id                        ;
+------------------------------------------------+----------------------------------------+---------------+-------------+-----------------------------------+
; COMPILER_SIGNATURE_ID                          ; 220776858021157.171378862022956        ; --            ; --          ; --                                ;
; EDA_GENERATE_FUNCTIONAL_NETLIST                ; Off                                    ; --            ; --          ; eda_board_design_timing           ;
; EDA_GENERATE_FUNCTIONAL_NETLIST                ; Off                                    ; --            ; --          ; eda_board_design_boundary_scan    ;
; EDA_GENERATE_FUNCTIONAL_NETLIST                ; Off                                    ; --            ; --          ; eda_board_design_signal_integrity ;
; EDA_GENERATE_FUNCTIONAL_NETLIST                ; Off                                    ; --            ; --          ; eda_board_design_symbol           ;
; EDA_OUTPUT_DATA_FORMAT                         ; Verilog Hdl                            ; --            ; --          ; eda_simulation                    ;
; EDA_SIMULATION_TOOL                            ; ModelSim (Verilog)                     ; <None>        ; --          ; --                                ;
; EDA_TIME_SCALE                                 ; 1 ps                                   ; --            ; --          ; eda_simulation                    ;
; EDA_USER_COMPILED_SIMULATION_LIBRARY_DIRECTORY ; D:/text2/simulation/qsim               ; --            ; --          ; eda_simulation                    ;
; MAX_CORE_JUNCTION_TEMP                         ; 100                                    ; --            ; --          ; --                                ;
; MIN_CORE_JUNCTION_TEMP                         ; -40                                    ; --            ; --          ; --                                ;
; MISC_FILE                                      ; irom_4096_32.bsf                       ; --            ; --          ; --                                ;
; MISC_FILE                                      ; irom_4096_32_inst.v                    ; --            ; --          ; --                                ;
; MISC_FILE                                      ; irom_4096_32_bb.v                      ; --            ; --          ; --                                ;
; MISC_FILE                                      ; iram_4096_32.bsf                       ; --            ; --          ; --                                ;
; MISC_FILE                                      ; iram_4096_32_inst.v                    ; --            ; --          ; --                                ;
; MISC_FILE                                      ; iram_4096_32_bb.v                      ; --            ; --          ; --                                ;
; PARTITION_COLOR                                ; -- (Not supported for targeted family) ; --            ; --          ; Top                               ;
; PARTITION_FITTER_PRESERVATION_LEVEL            ; -- (Not supported for targeted family) ; --            ; --          ; Top                               ;
; PARTITION_NETLIST_TYPE                         ; -- (Not supported for targeted family) ; --            ; --          ; Top                               ;
; POWER_BOARD_THERMAL_MODEL                      ; None (CONSERVATIVE)                    ; --            ; --          ; --                                ;
; POWER_PRESET_COOLING_SOLUTION                  ; 23 MM HEAT SINK WITH 200 LFPM AIRFLOW  ; --            ; --          ; --                                ;
; PROJECT_OUTPUT_DIRECTORY                       ; output_files                           ; --            ; --          ; --                                ;
+------------------------------------------------+----------------------------------------+---------------+-------------+-----------------------------------+


+--------------------------------------------------------------------------------------------------------------------------+
; Flow Elapsed Time                                                                                                        ;
+----------------------+--------------+-------------------------+---------------------+------------------------------------+
; Module Name          ; Elapsed Time ; Average Processors Used ; Peak Virtual Memory ; Total CPU Time (on all processors) ;
+----------------------+--------------+-------------------------+---------------------+------------------------------------+
; Analysis & Synthesis ; 00:00:08     ; 1.0                     ; 4868 MB             ; 00:00:05                           ;
; Fitter               ; 00:00:29     ; 1.4                     ; 6383 MB             ; 00:00:18                           ;
; Assembler            ; 00:00:00     ; 1.0                     ; 4720 MB             ; 00:00:00                           ;
; Timing Analyzer      ; 00:00:03     ; 3.2                     ; 4969 MB             ; 00:00:03                           ;
; EDA Netlist Writer   ; 00:00:01     ; 1.0                     ; 4671 MB             ; 00:00:00                           ;
; EDA Netlist Writer   ; 00:00:00     ; 1.0                     ; 4658 MB             ; 00:00:00                           ;
; EDA Netlist Writer   ; 00:00:00     ; 1.0                     ; 4674 MB             ; 00:00:00                           ;
; Total                ; 00:00:41     ; --                      ; --                  ; 00:00:26                           ;
+----------------------+--------------+-------------------------+---------------------+------------------------------------+


+------------------------------------------------------------------------------------+
; Flow OS Summary                                                                    ;
+----------------------+------------------+------------+------------+----------------+
; Module Name          ; Machine Hostname ; OS Name    ; OS Version ; Processor type ;
+----------------------+------------------+------------+------------+----------------+
; Analysis & Synthesis ; yxy              ; Windows 10 ; 10.0       ; x86_64         ;
; Fitter               ; yxy              ; Windows 10 ; 10.0       ; x86_64         ;
; Assembler            ; yxy              ; Windows 10 ; 10.0       ; x86_64         ;
; Timing Analyzer      ; yxy              ; Windows 10 ; 10.0       ; x86_64         ;
; EDA Netlist Writer   ; yxy              ; Windows 10 ; 10.0       ; x86_64         ;
; EDA Netlist Writer   ; yxy              ; Windows 10 ; 10.0       ; x86_64         ;
; EDA Netlist Writer   ; yxy              ; Windows 10 ; 10.0       ; x86_64         ;
+----------------------+------------------+------------+------------+----------------+


------------
; Flow Log ;
------------
quartus_map --read_settings_files=on --write_settings_files=off project2 -c project2
quartus_fit --read_settings_files=off --write_settings_files=off project2 -c project2
quartus_asm --read_settings_files=off --write_settings_files=off project2 -c project2
quartus_sta project2 -c project2
quartus_eda --read_settings_files=off --write_settings_files=off project2 -c project2
quartus_eda --gen_testbench --tool=modelsim_oem --format=verilog --write_settings_files=off project2 -c project2 --vector_source=D:/text2/Waveform.vwf --testbench_file=D:/text2/simulation/qsim/Waveform.vwf.vt
quartus_eda --write_settings_files=off --simulation=on --functional=on --flatten_buses=off --tool=modelsim_oem --format=verilog --output_directory=D:/text2/simulation/qsim/ project2 -c project2



