Analysis & Synthesis report for project2
Thu Apr 11 19:30:00 2024
Quartus Prime Version 22.1std.2 Build 922 07/20/2023 SC Lite Edition


---------------------
; Table of Contents ;
---------------------
  1. Legal Notice
  2. Analysis & Synthesis Summary
  3. Analysis & Synthesis Settings
  4. Parallel Compilation
  5. Analysis & Synthesis Source Files Read
  6. Analysis & Synthesis Resource Usage Summary
  7. Analysis & Synthesis Resource Utilization by Entity
  8. Analysis & Synthesis RAM Summary
  9. Analysis & Synthesis IP Cores Summary
 10. Registers Removed During Synthesis
 11. General Register Statistics
 12. Multiplexer Restructuring Statistics (Restructuring Performed)
 13. Source assignments for irom_4096_32:comb_3|altsyncram:altsyncram_component|altsyncram_c8a1:auto_generated
 14. Parameter Settings for User Entity Instance: mips:_mips|datapath:dp|flopr:pcreg
 15. Parameter Settings for User Entity Instance: irom_4096_32:comb_3|altsyncram:altsyncram_component
 16. altsyncram Parameter Settings by Entity Instance
 17. Port Connectivity Checks: "mips:_mips|datapath:dp|alu:_alu"
 18. Port Connectivity Checks: "mips:_mips|datapath:dp|adder:pcadd1"
 19. Post-Synthesis Netlist Statistics for Top Partition
 20. Elapsed Time Per Partition
 21. Analysis & Synthesis Messages
 22. Analysis & Synthesis Suppressed Messages



----------------
; Legal Notice ;
----------------
Copyright (C) 2023  Intel Corporation. All rights reserved.
Your use of Intel Corporation's design tools, logic functions 
and other software and tools, and any partner logic 
functions, and any output files from any of the foregoing 
(including device programming or simulation files), and any 
associated documentation or information are expressly subject 
to the terms and conditions of the Intel Program License 
Subscription Agreement, the Intel Quartus Prime License Agreement,
the Intel FPGA IP License Agreement, or other applicable license
agreement, including, without limitation, that your use is for
the sole purpose of programming logic devices manufactured by
Intel and sold by Intel or its authorized distributors.  Please
refer to the applicable agreement for further details, at
https://fpgasoftware.intel.com/eula.



+-------------------------------------------------------------------------------------+
; Analysis & Synthesis Summary                                                        ;
+------------------------------------+------------------------------------------------+
; Analysis & Synthesis Status        ; Successful - Thu Apr 11 19:30:00 2024          ;
; Quartus Prime Version              ; 22.1std.2 Build 922 07/20/2023 SC Lite Edition ;
; Revision Name                      ; project2                                       ;
; Top-level Entity Name              ; project2                                       ;
; Family                             ; Cyclone IV E                                   ;
; Total logic elements               ; 2,609                                          ;
;     Total combinational functions  ; 1,651                                          ;
;     Dedicated logic registers      ; 1,054                                          ;
; Total registers                    ; 1054                                           ;
; Total pins                         ; 263                                            ;
; Total virtual pins                 ; 0                                              ;
; Total memory bits                  ; 131,072                                        ;
; Embedded Multiplier 9-bit elements ; 0                                              ;
; Total PLLs                         ; 0                                              ;
+------------------------------------+------------------------------------------------+


+------------------------------------------------------------------------------------------------------------+
; Analysis & Synthesis Settings                                                                              ;
+------------------------------------------------------------------+--------------------+--------------------+
; Option                                                           ; Setting            ; Default Value      ;
+------------------------------------------------------------------+--------------------+--------------------+
; Device                                                           ; EP4CE30F29I8L      ;                    ;
; Top-level entity name                                            ; project2           ; project2           ;
; Family name                                                      ; Cyclone IV E       ; Cyclone V          ;
; Use smart compilation                                            ; Off                ; Off                ;
; Enable parallel Assembler and Timing Analyzer during compilation ; On                 ; On                 ;
; Enable compact report table                                      ; Off                ; Off                ;
; Restructure Multiplexers                                         ; Auto               ; Auto               ;
; Create Debugging Nodes for IP Cores                              ; Off                ; Off                ;
; Preserve fewer node names                                        ; On                 ; On                 ;
; Intel FPGA IP Evaluation Mode                                    ; Enable             ; Enable             ;
; Verilog Version                                                  ; Verilog_2001       ; Verilog_2001       ;
; VHDL Version                                                     ; VHDL_1993          ; VHDL_1993          ;
; State Machine Processing                                         ; Auto               ; Auto               ;
; Safe State Machine                                               ; Off                ; Off                ;
; Extract Verilog State Machines                                   ; On                 ; On                 ;
; Extract VHDL State Machines                                      ; On                 ; On                 ;
; Ignore Verilog initial constructs                                ; Off                ; Off                ;
; Iteration limit for constant Verilog loops                       ; 5000               ; 5000               ;
; Iteration limit for non-constant Verilog loops                   ; 250                ; 250                ;
; Add Pass-Through Logic to Inferred RAMs                          ; On                 ; On                 ;
; Infer RAMs from Raw Logic                                        ; On                 ; On                 ;
; Parallel Synthesis                                               ; On                 ; On                 ;
; DSP Block Balancing                                              ; Auto               ; Auto               ;
; NOT Gate Push-Back                                               ; On                 ; On                 ;
; Power-Up Don't Care                                              ; On                 ; On                 ;
; Remove Redundant Logic Cells                                     ; Off                ; Off                ;
; Remove Duplicate Registers                                       ; On                 ; On                 ;
; Ignore CARRY Buffers                                             ; Off                ; Off                ;
; Ignore CASCADE Buffers                                           ; Off                ; Off                ;
; Ignore GLOBAL Buffers                                            ; Off                ; Off                ;
; Ignore ROW GLOBAL Buffers                                        ; Off                ; Off                ;
; Ignore LCELL Buffers                                             ; Off                ; Off                ;
; Ignore SOFT Buffers                                              ; On                 ; On                 ;
; Limit AHDL Integers to 32 Bits                                   ; Off                ; Off                ;
; Optimization Technique                                           ; Balanced           ; Balanced           ;
; Carry Chain Length                                               ; 70                 ; 70                 ;
; Auto Carry Chains                                                ; On                 ; On                 ;
; Auto Open-Drain Pins                                             ; On                 ; On                 ;
; Perform WYSIWYG Primitive Resynthesis                            ; Off                ; Off                ;
; Auto ROM Replacement                                             ; On                 ; On                 ;
; Auto RAM Replacement                                             ; On                 ; On                 ;
; Auto DSP Block Replacement                                       ; On                 ; On                 ;
; Auto Shift Register Replacement                                  ; Auto               ; Auto               ;
; Allow Shift Register Merging across Hierarchies                  ; Auto               ; Auto               ;
; Auto Clock Enable Replacement                                    ; On                 ; On                 ;
; Strict RAM Replacement                                           ; Off                ; Off                ;
; Allow Synchronous Control Signals                                ; On                 ; On                 ;
; Force Use of Synchronous Clear Signals                           ; Off                ; Off                ;
; Auto RAM Block Balancing                                         ; On                 ; On                 ;
; Auto RAM to Logic Cell Conversion                                ; Off                ; Off                ;
; Auto Resource Sharing                                            ; Off                ; Off                ;
; Allow Any RAM Size For Recognition                               ; Off                ; Off                ;
; Allow Any ROM Size For Recognition                               ; Off                ; Off                ;
; Allow Any Shift Register Size For Recognition                    ; Off                ; Off                ;
; Use LogicLock Constraints during Resource Balancing              ; On                 ; On                 ;
; Ignore translate_off and synthesis_off directives                ; Off                ; Off                ;
; Timing-Driven Synthesis                                          ; On                 ; On                 ;
; Report Parameter Settings                                        ; On                 ; On                 ;
; Report Source Assignments                                        ; On                 ; On                 ;
; Report Connectivity Checks                                       ; On                 ; On                 ;
; Ignore Maximum Fan-Out Assignments                               ; Off                ; Off                ;
; Synchronization Register Chain Length                            ; 2                  ; 2                  ;
; Power Optimization During Synthesis                              ; Normal compilation ; Normal compilation ;
; HDL message level                                                ; Level2             ; Level2             ;
; Suppress Register Optimization Related Messages                  ; Off                ; Off                ;
; Number of Removed Registers Reported in Synthesis Report         ; 5000               ; 5000               ;
; Number of Swept Nodes Reported in Synthesis Report               ; 5000               ; 5000               ;
; Number of Inverted Registers Reported in Synthesis Report        ; 100                ; 100                ;
; Clock MUX Protection                                             ; On                 ; On                 ;
; Auto Gated Clock Conversion                                      ; Off                ; Off                ;
; Block Design Naming                                              ; Auto               ; Auto               ;
; SDC constraint protection                                        ; Off                ; Off                ;
; Synthesis Effort                                                 ; Auto               ; Auto               ;
; Shift Register Replacement - Allow Asynchronous Clear Signal     ; On                 ; On                 ;
; Pre-Mapping Resynthesis Optimization                             ; Off                ; Off                ;
; Analysis & Synthesis Message Level                               ; Medium             ; Medium             ;
; Disable Register Merging Across Hierarchies                      ; Auto               ; Auto               ;
; Resource Aware Inference For Block RAM                           ; On                 ; On                 ;
+------------------------------------------------------------------+--------------------+--------------------+


+------------------------------------------+
; Parallel Compilation                     ;
+----------------------------+-------------+
; Processors                 ; Number      ;
+----------------------------+-------------+
; Number detected on machine ; 20          ;
; Maximum allowed            ; 14          ;
;                            ;             ;
; Average used               ; 1.00        ;
; Maximum used               ; 14          ;
;                            ;             ;
; Usage by Processor         ; % Time Used ;
;     Processor 1            ; 100.0%      ;
;     Processor 2            ;   0.1%      ;
;     Processor 3            ;   0.0%      ;
;     Processor 4            ;   0.0%      ;
;     Processor 5            ;   0.0%      ;
;     Processor 6            ;   0.0%      ;
;     Processor 7            ;   0.0%      ;
;     Processors 8-14        ;   0.0%      ;
+----------------------------+-------------+


+-----------------------------------------------------------------------------------------------------------------------------------------------------------------------------------+
; Analysis & Synthesis Source Files Read                                                                                                                                            ;
+----------------------------------+-----------------+----------------------------------+---------------------------------------------------------------------------------+---------+
; File Name with User-Entered Path ; Used in Netlist ; File Type                        ; File Name with Absolute Path                                                    ; Library ;
+----------------------------------+-----------------+----------------------------------+---------------------------------------------------------------------------------+---------+
; core/regfile.sv                  ; yes             ; User SystemVerilog HDL File      ; D:/text2/core/regfile.sv                                                        ;         ;
; core/flopr.sv                    ; yes             ; User SystemVerilog HDL File      ; D:/text2/core/flopr.sv                                                          ;         ;
; core/adder.sv                    ; yes             ; User SystemVerilog HDL File      ; D:/text2/core/adder.sv                                                          ;         ;
; project2.sv                      ; yes             ; User SystemVerilog HDL File      ; D:/text2/project2.sv                                                            ;         ;
; project2.mif                     ; yes             ; User Memory Initialization File  ; D:/text2/project2.mif                                                           ;         ;
; irom_4096_32.v                   ; yes             ; User Wizard-Generated File       ; D:/text2/irom_4096_32.v                                                         ;         ;
; core/mips.sv                     ; yes             ; User SystemVerilog HDL File      ; D:/text2/core/mips.sv                                                           ;         ;
; core/contorller.sv               ; yes             ; User SystemVerilog HDL File      ; D:/text2/core/contorller.sv                                                     ;         ;
; core/datapath.sv                 ; yes             ; User SystemVerilog HDL File      ; D:/text2/core/datapath.sv                                                       ;         ;
; core/alu.sv                      ; yes             ; User SystemVerilog HDL File      ; D:/text2/core/alu.sv                                                            ;         ;
; altsyncram.tdf                   ; yes             ; Megafunction                     ; c:/intelfpga_lite/22.1std/quartus/libraries/megafunctions/altsyncram.tdf        ;         ;
; stratix_ram_block.inc            ; yes             ; Megafunction                     ; c:/intelfpga_lite/22.1std/quartus/libraries/megafunctions/stratix_ram_block.inc ;         ;
; lpm_mux.inc                      ; yes             ; Megafunction                     ; c:/intelfpga_lite/22.1std/quartus/libraries/megafunctions/lpm_mux.inc           ;         ;
; lpm_decode.inc                   ; yes             ; Megafunction                     ; c:/intelfpga_lite/22.1std/quartus/libraries/megafunctions/lpm_decode.inc        ;         ;
; aglobal221.inc                   ; yes             ; Megafunction                     ; c:/intelfpga_lite/22.1std/quartus/libraries/megafunctions/aglobal221.inc        ;         ;
; a_rdenreg.inc                    ; yes             ; Megafunction                     ; c:/intelfpga_lite/22.1std/quartus/libraries/megafunctions/a_rdenreg.inc         ;         ;
; altrom.inc                       ; yes             ; Megafunction                     ; c:/intelfpga_lite/22.1std/quartus/libraries/megafunctions/altrom.inc            ;         ;
; altram.inc                       ; yes             ; Megafunction                     ; c:/intelfpga_lite/22.1std/quartus/libraries/megafunctions/altram.inc            ;         ;
; altdpram.inc                     ; yes             ; Megafunction                     ; c:/intelfpga_lite/22.1std/quartus/libraries/megafunctions/altdpram.inc          ;         ;
; db/altsyncram_c8a1.tdf           ; yes             ; Auto-Generated Megafunction      ; D:/text2/db/altsyncram_c8a1.tdf                                                 ;         ;
+----------------------------------+-----------------+----------------------------------+---------------------------------------------------------------------------------+---------+


+---------------------------------------------------------+
; Analysis & Synthesis Resource Usage Summary             ;
+---------------------------------------------+-----------+
; Resource                                    ; Usage     ;
+---------------------------------------------+-----------+
; Estimated Total logic elements              ; 2,609     ;
;                                             ;           ;
; Total combinational functions               ; 1651      ;
; Logic element usage by number of LUT inputs ;           ;
;     -- 4 input functions                    ; 1454      ;
;     -- 3 input functions                    ; 120       ;
;     -- <=2 input functions                  ; 77        ;
;                                             ;           ;
; Logic elements by mode                      ;           ;
;     -- normal mode                          ; 1560      ;
;     -- arithmetic mode                      ; 91        ;
;                                             ;           ;
; Total registers                             ; 1054      ;
;     -- Dedicated logic registers            ; 1054      ;
;     -- I/O registers                        ; 0         ;
;                                             ;           ;
; I/O pins                                    ; 263       ;
; Total memory bits                           ; 131072    ;
;                                             ;           ;
; Embedded Multiplier 9-bit elements          ; 0         ;
;                                             ;           ;
; Maximum fan-out node                        ; clk~input ;
; Maximum fan-out                             ; 1086      ;
; Total fan-out                               ; 10427     ;
; Average fan-out                             ; 3.20      ;
+---------------------------------------------+-----------+


+------------------------------------------------------------------------------------------------------------------------------------------------------------------------------------------------------------------------------------------------------------------------------------------------------+
; Analysis & Synthesis Resource Utilization by Entity                                                                                                                                                                                                                                                  ;
+-------------------------------------------+---------------------+---------------------------+-------------+--------------+---------+-----------+------+--------------+----------------------------------------------------------------------------------------------+-----------------+--------------+
; Compilation Hierarchy Node                ; Combinational ALUTs ; Dedicated Logic Registers ; Memory Bits ; DSP Elements ; DSP 9x9 ; DSP 18x18 ; Pins ; Virtual Pins ; Full Hierarchy Name                                                                          ; Entity Name     ; Library Name ;
+-------------------------------------------+---------------------+---------------------------+-------------+--------------+---------+-----------+------+--------------+----------------------------------------------------------------------------------------------+-----------------+--------------+
; |project2                                 ; 1651 (0)            ; 1054 (0)                  ; 131072      ; 0            ; 0       ; 0         ; 263  ; 0            ; |project2                                                                                    ; project2        ; work         ;
;    |irom_4096_32:comb_3|                  ; 0 (0)               ; 0 (0)                     ; 131072      ; 0            ; 0       ; 0         ; 0    ; 0            ; |project2|irom_4096_32:comb_3                                                                ; irom_4096_32    ; work         ;
;       |altsyncram:altsyncram_component|   ; 0 (0)               ; 0 (0)                     ; 131072      ; 0            ; 0       ; 0         ; 0    ; 0            ; |project2|irom_4096_32:comb_3|altsyncram:altsyncram_component                                ; altsyncram      ; work         ;
;          |altsyncram_c8a1:auto_generated| ; 0 (0)               ; 0 (0)                     ; 131072      ; 0            ; 0       ; 0         ; 0    ; 0            ; |project2|irom_4096_32:comb_3|altsyncram:altsyncram_component|altsyncram_c8a1:auto_generated ; altsyncram_c8a1 ; work         ;
;    |mips:_mips|                           ; 1651 (0)            ; 1054 (0)                  ; 0           ; 0            ; 0       ; 0         ; 0    ; 0            ; |project2|mips:_mips                                                                         ; mips            ; work         ;
;       |contorller:c|                      ; 11 (11)             ; 0 (0)                     ; 0           ; 0            ; 0       ; 0         ; 0    ; 0            ; |project2|mips:_mips|contorller:c                                                            ; contorller      ; work         ;
;       |datapath:dp|                       ; 1640 (0)            ; 1054 (0)                  ; 0           ; 0            ; 0       ; 0         ; 0    ; 0            ; |project2|mips:_mips|datapath:dp                                                             ; datapath        ; work         ;
;          |alu:_alu|                       ; 181 (181)           ; 0 (0)                     ; 0           ; 0            ; 0       ; 0         ; 0    ; 0            ; |project2|mips:_mips|datapath:dp|alu:_alu                                                    ; alu             ; work         ;
;          |flopr:pcreg|                    ; 30 (30)             ; 30 (30)                   ; 0           ; 0            ; 0       ; 0         ; 0    ; 0            ; |project2|mips:_mips|datapath:dp|flopr:pcreg                                                 ; flopr           ; work         ;
;          |regfile:_rf|                    ; 1429 (1429)         ; 1024 (1024)               ; 0           ; 0            ; 0       ; 0         ; 0    ; 0            ; |project2|mips:_mips|datapath:dp|regfile:_rf                                                 ; regfile         ; work         ;
+-------------------------------------------+---------------------+---------------------------+-------------+--------------+---------+-----------+------+--------------+----------------------------------------------------------------------------------------------+-----------------+--------------+
Note: For table entries with two numbers listed, the numbers in parentheses indicate the number of resources of the given type used by the specific entity alone. The numbers listed outside of parentheses indicate the total resources of the given type used by the specific entity and all of its sub-entities in the hierarchy.


+-------------------------------------------------------------------------------------------------------------------------------------------------------------------------------------------------+
; Analysis & Synthesis RAM Summary                                                                                                                                                                ;
+-----------------------------------------------------------------------------------------------+------+------+--------------+--------------+--------------+--------------+--------+--------------+
; Name                                                                                          ; Type ; Mode ; Port A Depth ; Port A Width ; Port B Depth ; Port B Width ; Size   ; MIF          ;
+-----------------------------------------------------------------------------------------------+------+------+--------------+--------------+--------------+--------------+--------+--------------+
; irom_4096_32:comb_3|altsyncram:altsyncram_component|altsyncram_c8a1:auto_generated|ALTSYNCRAM ; AUTO ; ROM  ; 4096         ; 32           ; --           ; --           ; 131072 ; project2.mif ;
+-----------------------------------------------------------------------------------------------+------+------+--------------+--------------+--------------+--------------+--------+--------------+


+-----------------------------------------------------------------------------------------------------------------+
; Analysis & Synthesis IP Cores Summary                                                                           ;
+--------+--------------+---------+--------------+--------------+-------------------------------+-----------------+
; Vendor ; IP Core Name ; Version ; Release Date ; License Type ; Entity Instance               ; IP Include File ;
+--------+--------------+---------+--------------+--------------+-------------------------------+-----------------+
; Altera ; ROM: 1-PORT  ; 22.1    ; N/A          ; N/A          ; |project2|irom_4096_32:comb_3 ; irom_4096_32.v  ;
+--------+--------------+---------+--------------+--------------+-------------------------------+-----------------+


+-----------------------------------------------------------------------------------------------+
; Registers Removed During Synthesis                                                            ;
+-----------------------------------------+-----------------------------------------------------+
; Register name                           ; Reason for Removal                                  ;
+-----------------------------------------+-----------------------------------------------------+
; mips:_mips|datapath:dp|flopr:pcreg|q[0] ; Merged with mips:_mips|datapath:dp|flopr:pcreg|q[1] ;
; mips:_mips|datapath:dp|flopr:pcreg|q[1] ; Stuck at GND due to stuck port data_in              ;
; Total Number of Removed Registers = 2   ;                                                     ;
+-----------------------------------------+-----------------------------------------------------+


+------------------------------------------------------+
; General Register Statistics                          ;
+----------------------------------------------+-------+
; Statistic                                    ; Value ;
+----------------------------------------------+-------+
; Total registers                              ; 1054  ;
; Number of registers using Synchronous Clear  ; 0     ;
; Number of registers using Synchronous Load   ; 0     ;
; Number of registers using Asynchronous Clear ; 30    ;
; Number of registers using Asynchronous Load  ; 0     ;
; Number of registers using Clock Enable       ; 1024  ;
; Number of registers using Preset             ; 0     ;
+----------------------------------------------+-------+


+----------------------------------------------------------------------------------------------------------------------------------------------------------------------+
; Multiplexer Restructuring Statistics (Restructuring Performed)                                                                                                       ;
+--------------------+-----------+---------------+----------------------+------------------------+------------+--------------------------------------------------------+
; Multiplexer Inputs ; Bus Width ; Baseline Area ; Area if Restructured ; Saving if Restructured ; Registered ; Example Multiplexer Output                             ;
+--------------------+-----------+---------------+----------------------+------------------------+------------+--------------------------------------------------------+
; 3:1                ; 32 bits   ; 64 LEs        ; 32 LEs               ; 32 LEs                 ; Yes        ; |project2|mips:_mips|datapath:dp|regfile:_rf|rf[3][17] ;
; 3:1                ; 32 bits   ; 64 LEs        ; 32 LEs               ; 32 LEs                 ; Yes        ; |project2|mips:_mips|datapath:dp|regfile:_rf|rf[2][5]  ;
; 8:1                ; 31 bits   ; 155 LEs       ; 93 LEs               ; 62 LEs                 ; No         ; |project2|mips:_mips|datapath:dp|alu:_alu|Mux15        ;
; 33:1               ; 32 bits   ; 704 LEs       ; 704 LEs              ; 0 LEs                  ; No         ; |project2|mips:_mips|datapath:dp|regfile:_rf|rd2[3]    ;
; 33:1               ; 32 bits   ; 704 LEs       ; 704 LEs              ; 0 LEs                  ; No         ; |project2|mips:_mips|datapath:dp|regfile:_rf|rd1[27]   ;
+--------------------+-----------+---------------+----------------------+------------------------+------------+--------------------------------------------------------+


+-----------------------------------------------------------------------------------------------------------+
; Source assignments for irom_4096_32:comb_3|altsyncram:altsyncram_component|altsyncram_c8a1:auto_generated ;
+---------------------------------+--------------------+------+---------------------------------------------+
; Assignment                      ; Value              ; From ; To                                          ;
+---------------------------------+--------------------+------+---------------------------------------------+
; OPTIMIZE_POWER_DURING_SYNTHESIS ; NORMAL_COMPILATION ; -    ; -                                           ;
+---------------------------------+--------------------+------+---------------------------------------------+


+---------------------------------------------------------------------------------+
; Parameter Settings for User Entity Instance: mips:_mips|datapath:dp|flopr:pcreg ;
+----------------+-------+--------------------------------------------------------+
; Parameter Name ; Value ; Type                                                   ;
+----------------+-------+--------------------------------------------------------+
; WIDTH          ; 32    ; Signed Integer                                         ;
+----------------+-------+--------------------------------------------------------+
Note: In order to hide this table in the UI and the text report file, please set the "Show Parameter Settings in Synthesis Report" option in "Analysis and Synthesis Settings -> More Settings" to "Off".


+--------------------------------------------------------------------------------------------------+
; Parameter Settings for User Entity Instance: irom_4096_32:comb_3|altsyncram:altsyncram_component ;
+------------------------------------+----------------------+--------------------------------------+
; Parameter Name                     ; Value                ; Type                                 ;
+------------------------------------+----------------------+--------------------------------------+
; BYTE_SIZE_BLOCK                    ; 8                    ; Untyped                              ;
; AUTO_CARRY_CHAINS                  ; ON                   ; AUTO_CARRY                           ;
; IGNORE_CARRY_BUFFERS               ; OFF                  ; IGNORE_CARRY                         ;
; AUTO_CASCADE_CHAINS                ; ON                   ; AUTO_CASCADE                         ;
; IGNORE_CASCADE_BUFFERS             ; OFF                  ; IGNORE_CASCADE                       ;
; WIDTH_BYTEENA                      ; 1                    ; Untyped                              ;
; OPERATION_MODE                     ; ROM                  ; Untyped                              ;
; WIDTH_A                            ; 32                   ; Signed Integer                       ;
; WIDTHAD_A                          ; 12                   ; Signed Integer                       ;
; NUMWORDS_A                         ; 4096                 ; Signed Integer                       ;
; OUTDATA_REG_A                      ; UNREGISTERED         ; Untyped                              ;
; ADDRESS_ACLR_A                     ; NONE                 ; Untyped                              ;
; OUTDATA_ACLR_A                     ; NONE                 ; Untyped                              ;
; WRCONTROL_ACLR_A                   ; NONE                 ; Untyped                              ;
; INDATA_ACLR_A                      ; NONE                 ; Untyped                              ;
; BYTEENA_ACLR_A                     ; NONE                 ; Untyped                              ;
; WIDTH_B                            ; 1                    ; Untyped                              ;
; WIDTHAD_B                          ; 1                    ; Untyped                              ;
; NUMWORDS_B                         ; 1                    ; Untyped                              ;
; INDATA_REG_B                       ; CLOCK1               ; Untyped                              ;
; WRCONTROL_WRADDRESS_REG_B          ; CLOCK1               ; Untyped                              ;
; RDCONTROL_REG_B                    ; CLOCK1               ; Untyped                              ;
; ADDRESS_REG_B                      ; CLOCK1               ; Untyped                              ;
; OUTDATA_REG_B                      ; UNREGISTERED         ; Untyped                              ;
; BYTEENA_REG_B                      ; CLOCK1               ; Untyped                              ;
; INDATA_ACLR_B                      ; NONE                 ; Untyped                              ;
; WRCONTROL_ACLR_B                   ; NONE                 ; Untyped                              ;
; ADDRESS_ACLR_B                     ; NONE                 ; Untyped                              ;
; OUTDATA_ACLR_B                     ; NONE                 ; Untyped                              ;
; RDCONTROL_ACLR_B                   ; NONE                 ; Untyped                              ;
; BYTEENA_ACLR_B                     ; NONE                 ; Untyped                              ;
; WIDTH_BYTEENA_A                    ; 1                    ; Signed Integer                       ;
; WIDTH_BYTEENA_B                    ; 1                    ; Untyped                              ;
; RAM_BLOCK_TYPE                     ; AUTO                 ; Untyped                              ;
; BYTE_SIZE                          ; 8                    ; Untyped                              ;
; READ_DURING_WRITE_MODE_MIXED_PORTS ; DONT_CARE            ; Untyped                              ;
; READ_DURING_WRITE_MODE_PORT_A      ; NEW_DATA_NO_NBE_READ ; Untyped                              ;
; READ_DURING_WRITE_MODE_PORT_B      ; NEW_DATA_NO_NBE_READ ; Untyped                              ;
; INIT_FILE                          ; project2.mif         ; Untyped                              ;
; INIT_FILE_LAYOUT                   ; PORT_A               ; Untyped                              ;
; MAXIMUM_DEPTH                      ; 0                    ; Untyped                              ;
; CLOCK_ENABLE_INPUT_A               ; BYPASS               ; Untyped                              ;
; CLOCK_ENABLE_INPUT_B               ; NORMAL               ; Untyped                              ;
; CLOCK_ENABLE_OUTPUT_A              ; BYPASS               ; Untyped                              ;
; CLOCK_ENABLE_OUTPUT_B              ; NORMAL               ; Untyped                              ;
; CLOCK_ENABLE_CORE_A                ; USE_INPUT_CLKEN      ; Untyped                              ;
; CLOCK_ENABLE_CORE_B                ; USE_INPUT_CLKEN      ; Untyped                              ;
; ENABLE_ECC                         ; FALSE                ; Untyped                              ;
; ECC_PIPELINE_STAGE_ENABLED         ; FALSE                ; Untyped                              ;
; WIDTH_ECCSTATUS                    ; 3                    ; Untyped                              ;
; DEVICE_FAMILY                      ; Cyclone IV E         ; Untyped                              ;
; CBXI_PARAMETER                     ; altsyncram_c8a1      ; Untyped                              ;
+------------------------------------+----------------------+--------------------------------------+
Note: In order to hide this table in the UI and the text report file, please set the "Show Parameter Settings in Synthesis Report" option in "Analysis and Synthesis Settings -> More Settings" to "Off".


+-------------------------------------------------------------------------------------------------+
; altsyncram Parameter Settings by Entity Instance                                                ;
+-------------------------------------------+-----------------------------------------------------+
; Name                                      ; Value                                               ;
+-------------------------------------------+-----------------------------------------------------+
; Number of entity instances                ; 1                                                   ;
; Entity Instance                           ; irom_4096_32:comb_3|altsyncram:altsyncram_component ;
;     -- OPERATION_MODE                     ; ROM                                                 ;
;     -- WIDTH_A                            ; 32                                                  ;
;     -- NUMWORDS_A                         ; 4096                                                ;
;     -- OUTDATA_REG_A                      ; UNREGISTERED                                        ;
;     -- WIDTH_B                            ; 1                                                   ;
;     -- NUMWORDS_B                         ; 1                                                   ;
;     -- ADDRESS_REG_B                      ; CLOCK1                                              ;
;     -- OUTDATA_REG_B                      ; UNREGISTERED                                        ;
;     -- RAM_BLOCK_TYPE                     ; AUTO                                                ;
;     -- READ_DURING_WRITE_MODE_MIXED_PORTS ; DONT_CARE                                           ;
+-------------------------------------------+-----------------------------------------------------+


+-------------------------------------------------------------+
; Port Connectivity Checks: "mips:_mips|datapath:dp|alu:_alu" ;
+----------+--------+----------+------------------------------+
; Port     ; Type   ; Severity ; Details                      ;
+----------+--------+----------+------------------------------+
; overflow ; Output ; Info     ; Explicitly unconnected       ;
; zero     ; Output ; Info     ; Explicitly unconnected       ;
+----------+--------+----------+------------------------------+


+-----------------------------------------------------------------+
; Port Connectivity Checks: "mips:_mips|datapath:dp|adder:pcadd1" ;
+----------+-------+----------+-----------------------------------+
; Port     ; Type  ; Severity ; Details                           ;
+----------+-------+----------+-----------------------------------+
; b[31..3] ; Input ; Info     ; Stuck at GND                      ;
; b[1..0]  ; Input ; Info     ; Stuck at GND                      ;
; b[2]     ; Input ; Info     ; Stuck at VCC                      ;
+----------+-------+----------+-----------------------------------+


+-----------------------------------------------------+
; Post-Synthesis Netlist Statistics for Top Partition ;
+-----------------------+-----------------------------+
; Type                  ; Count                       ;
+-----------------------+-----------------------------+
; boundary_port         ; 263                         ;
; cycloneiii_ff         ; 1054                        ;
;     CLR               ; 30                          ;
;     ENA               ; 1024                        ;
; cycloneiii_lcell_comb ; 1653                        ;
;     arith             ; 91                          ;
;         2 data inputs ; 27                          ;
;         3 data inputs ; 64                          ;
;     normal            ; 1562                        ;
;         0 data inputs ; 1                           ;
;         1 data inputs ; 3                           ;
;         2 data inputs ; 48                          ;
;         3 data inputs ; 56                          ;
;         4 data inputs ; 1454                        ;
; cycloneiii_ram_block  ; 32                          ;
;                       ;                             ;
; Max LUT depth         ; 11.10                       ;
; Average LUT depth     ; 8.41                        ;
+-----------------------+-----------------------------+


+-------------------------------+
; Elapsed Time Per Partition    ;
+----------------+--------------+
; Partition Name ; Elapsed Time ;
+----------------+--------------+
; Top            ; 00:00:02     ;
+----------------+--------------+


+-------------------------------+
; Analysis & Synthesis Messages ;
+-------------------------------+
Info: *******************************************************************
Info: Running Quartus Prime Analysis & Synthesis
    Info: Version 22.1std.2 Build 922 07/20/2023 SC Lite Edition
    Info: Processing started: Thu Apr 11 19:29:52 2024
Info: Command: quartus_map --read_settings_files=on --write_settings_files=off project2 -c project2
Warning (18236): Number of processors has not been specified which may cause overloading on shared machines.  Set the global assignment NUM_PARALLEL_PROCESSORS in your QSF to an appropriate value for best performance.
Info (20030): Parallel compilation is enabled and will use 14 of the 14 processors detected
Info (12021): Found 1 design units, including 1 entities, in source file core/regfile.sv
    Info (12023): Found entity 1: regfile File: D:/text2/core/regfile.sv Line: 1
Info (12021): Found 1 design units, including 1 entities, in source file core/flopr.sv
    Info (12023): Found entity 1: flopr File: D:/text2/core/flopr.sv Line: 1
Info (12021): Found 1 design units, including 1 entities, in source file core/adder.sv
    Info (12023): Found entity 1: adder File: D:/text2/core/adder.sv Line: 1
Info (12021): Found 1 design units, including 1 entities, in source file project2.sv
    Info (12023): Found entity 1: project2 File: D:/text2/project2.sv Line: 1
Info (12021): Found 1 design units, including 1 entities, in source file irom_4096_32.v
    Info (12023): Found entity 1: irom_4096_32 File: D:/text2/irom_4096_32.v Line: 40
Info (12021): Found 1 design units, including 1 entities, in source file core/mips.sv
    Info (12023): Found entity 1: mips File: D:/text2/core/mips.sv Line: 1
Info (12021): Found 1 design units, including 1 entities, in source file core/contorller.sv
    Info (12023): Found entity 1: contorller File: D:/text2/core/contorller.sv Line: 1
Info (12021): Found 1 design units, including 1 entities, in source file core/datapath.sv
    Info (12023): Found entity 1: datapath File: D:/text2/core/datapath.sv Line: 1
Info (12021): Found 1 design units, including 1 entities, in source file core/memory.sv
    Info (12023): Found entity 1: Memory File: D:/text2/core/Memory.sv Line: 1
Info (12021): Found 1 design units, including 1 entities, in source file iram_4096_32.v
    Info (12023): Found entity 1: iram_4096_32 File: D:/text2/iram_4096_32.v Line: 40
Info (12021): Found 1 design units, including 1 entities, in source file core/alu.sv
    Info (12023): Found entity 1: alu File: D:/text2/core/alu.sv Line: 1
Critical Warning (10846): Verilog HDL Instantiation warning at project2.sv(35): instance has no name File: D:/text2/project2.sv Line: 35
Info (12127): Elaborating entity "project2" for the top level hierarchy
Info (12128): Elaborating entity "mips" for hierarchy "mips:_mips" File: D:/text2/project2.sv Line: 26
Info (12128): Elaborating entity "contorller" for hierarchy "mips:_mips|contorller:c" File: D:/text2/core/mips.sv Line: 16
Info (12128): Elaborating entity "datapath" for hierarchy "mips:_mips|datapath:dp" File: D:/text2/core/mips.sv Line: 31
Info (12128): Elaborating entity "flopr" for hierarchy "mips:_mips|datapath:dp|flopr:pcreg" File: D:/text2/core/datapath.sv Line: 32
Info (12128): Elaborating entity "adder" for hierarchy "mips:_mips|datapath:dp|adder:pcadd1" File: D:/text2/core/datapath.sv Line: 38
Info (12128): Elaborating entity "alu" for hierarchy "mips:_mips|datapath:dp|alu:_alu" File: D:/text2/core/datapath.sv Line: 47
Warning (10240): Verilog HDL Always Construct warning at alu.sv(10): inferring latch(es) for variable "overflow", which holds its previous value in one or more paths through the always construct File: D:/text2/core/alu.sv Line: 10
Info (10041): Inferred latch for "overflow" at alu.sv(10) File: D:/text2/core/alu.sv Line: 10
Info (12128): Elaborating entity "regfile" for hierarchy "mips:_mips|datapath:dp|regfile:_rf" File: D:/text2/core/datapath.sv Line: 63
Info (12128): Elaborating entity "irom_4096_32" for hierarchy "irom_4096_32:comb_3" File: D:/text2/project2.sv Line: 35
Info (12128): Elaborating entity "altsyncram" for hierarchy "irom_4096_32:comb_3|altsyncram:altsyncram_component" File: D:/text2/irom_4096_32.v Line: 82
Info (12130): Elaborated megafunction instantiation "irom_4096_32:comb_3|altsyncram:altsyncram_component" File: D:/text2/irom_4096_32.v Line: 82
Info (12133): Instantiated megafunction "irom_4096_32:comb_3|altsyncram:altsyncram_component" with the following parameter: File: D:/text2/irom_4096_32.v Line: 82
    Info (12134): Parameter "address_aclr_a" = "NONE"
    Info (12134): Parameter "clock_enable_input_a" = "BYPASS"
    Info (12134): Parameter "clock_enable_output_a" = "BYPASS"
    Info (12134): Parameter "init_file" = "project2.mif"
    Info (12134): Parameter "intended_device_family" = "Cyclone IV E"
    Info (12134): Parameter "lpm_hint" = "ENABLE_RUNTIME_MOD=NO"
    Info (12134): Parameter "lpm_type" = "altsyncram"
    Info (12134): Parameter "numwords_a" = "4096"
    Info (12134): Parameter "operation_mode" = "ROM"
    Info (12134): Parameter "outdata_aclr_a" = "NONE"
    Info (12134): Parameter "outdata_reg_a" = "UNREGISTERED"
    Info (12134): Parameter "widthad_a" = "12"
    Info (12134): Parameter "width_a" = "32"
    Info (12134): Parameter "width_byteena_a" = "1"
Info (12021): Found 1 design units, including 1 entities, in source file db/altsyncram_c8a1.tdf
    Info (12023): Found entity 1: altsyncram_c8a1 File: D:/text2/db/altsyncram_c8a1.tdf Line: 28
Info (12128): Elaborating entity "altsyncram_c8a1" for hierarchy "irom_4096_32:comb_3|altsyncram:altsyncram_component|altsyncram_c8a1:auto_generated" File: c:/intelfpga_lite/22.1std/quartus/libraries/megafunctions/altsyncram.tdf Line: 792
Warning (13024): Output pins are stuck at VCC or GND
    Warning (13410): Pin "pc[0]" is stuck at GND File: D:/text2/project2.sv Line: 5
    Warning (13410): Pin "pc[1]" is stuck at GND File: D:/text2/project2.sv Line: 5
Info (286030): Timing-Driven Synthesis is running
Info (144001): Generated suppressed messages file D:/text2/output_files/project2.map.smsg
Info (16010): Generating hard_block partition "hard_block:auto_generated_inst"
    Info (16011): Adding 0 node(s), including 0 DDIO, 0 PLL, 0 transceiver and 0 LCELL
Warning (21074): Design contains 1 input pin(s) that do not drive logic
    Warning (15610): No output dependent on input pin "wren" File: D:/text2/project2.sv Line: 4
Info (21057): Implemented 2966 device resources after synthesis - the final resource count might be different
    Info (21058): Implemented 3 input pins
    Info (21059): Implemented 260 output pins
    Info (21061): Implemented 2671 logic cells
    Info (21064): Implemented 32 RAM segments
Info: Quartus Prime Analysis & Synthesis was successful. 0 errors, 8 warnings
    Info: Peak virtual memory: 4859 megabytes
    Info: Processing ended: Thu Apr 11 19:30:00 2024
    Info: Elapsed time: 00:00:08
    Info: Total CPU time (on all processors): 00:00:04


+------------------------------------------+
; Analysis & Synthesis Suppressed Messages ;
+------------------------------------------+
The suppressed messages can be found in D:/text2/output_files/project2.map.smsg.


